[ STMLogger :: LogToFile ] Logging to file: /home/mu2estm/sweetmor/build_2025_09_08_06_42_44/spack_build/srcs/otsdaq-mu2e-stm/Mu2e-STMDAQ/log/stmdaq_2026-02-06_09-34-30.log
STM DAQ started: 2026-02-06_09-34-30
Loaded configuration file: /home/mu2estm/sweetmor/build_2025_09_08_06_42_44/spack_build/srcs/otsdaq-mu2e-stm/Mu2e-STMDAQ/config/stmdaq.xml
Logger initialised
[2026-02-06 09:34:30] Config:ch_info: Channel = 0 (HPGe)
[2026-02-06 09:34:30] Config:fw_info: ADC sampling frequency = 300.000000 MHz (3.333333 ns per ADC value).
[2026-02-06 09:34:30] Signal handler initialised.
[2026-02-06 09:34:30] Config:mu2e_info: Minimum Mu2e event period set to 1.675000 us = 503 ADC values = 1006 bytes.
[2026-02-06 09:34:30] Config:mu2e_info: Maximum Mu2e event period set to 100.100000 us = 30030 ADC values = 60060 bytes.
[2026-02-06 09:34:30] Config:mu2e_info: Mu2e on-spill event period set to 1.695000 us = 509 ADC values = 1018 bytes.
[2026-02-06 09:34:30] Config:mu2e_info: Mu2e off-spill event period set to 100.000000 us = 30000 ADC values = 60000 bytes.
[2026-02-06 09:34:30] Config:udp_info: UDP receive socket IP address: = 192.168.34.12,  port = 51872.
[2026-02-06 09:34:30] Config:udp_info: UDP send socket IP address: = 192.168.34.12,  port = 51872.
[2026-02-06 09:34:30] Config:udp_info: RECVMMSG timeout: = 10 s + 0 us.
[2026-02-06 09:34:30] Config:udp_info: Poll timeout: = 100 ms.
[2026-02-06 09:34:30] Config:zs_info: Storing 1.000000 us / 300 ADC values / 600 bytes before peak.
[2026-02-06 09:34:30] Config:zs_info: Storing 2.000000 us / 600 ADC values / 1200 bytes after peak.
[2026-02-06 09:34:30] Config:zs_info: Storing a total of 3.000000 us / 900 ADC values / 1800 bytes per peak.
[2026-02-06 09:34:30] Config:zs_info: Gradient threshold = -100.
[2026-02-06 09:34:30] Config:zs_info: Gradient window = 100 ADC values.
[2026-02-06 09:34:30] Config:zs_info: Gradient average number = 5 ADC values.
[2026-02-06 09:34:30] Config:zs_info: Maximum overflow data = before_peak + window + n_average = 405 ADC values.
[2026-02-06 09:34:30] Config:prescale_info: Raw on-spill prescale =  7. Storing 3 consecutive events. Effective prescale =  21.
[2026-02-06 09:34:30] Config:prescale_info: Raw off-spill prescale =  97. Storing 1 consecutive events. Effective prescale =  97.
[2026-02-06 09:34:30] Config:prescale_info: ZS on-spill prescale =  3. Storing 2 consecutive events. Effective prescale =  6.
[2026-02-06 09:34:30] Config:prescale_info: ZS off-spill prescale =  3. Storing 1 consecutive events. Effective prescale =  3.
[2026-02-06 09:34:30] Config:write_info: Output_dir = /scratch/mu2e/mu2estm_stm_readout_spack_build/OutputData/stmdaq
[2026-02-06 09:34:30] Config:write_info:  Filename prefix = mu2estm
[2026-02-06 09:34:30] Config:write_info: Maximum file size set to  2.000000 GB.
[2026-02-06 09:34:30] Config:write_info: Set file buffer depth to 3 files.
[2026-02-06 09:34:30] Config:write_info: Set log interval = 5 s.
[2026-02-06 09:34:30] Config:write_info: events stream ENABLED
[2026-02-06 09:34:30] Config:write_info: raw stream ENABLED
[2026-02-06 09:34:30] Config:write_info: zs stream ENABLED
[2026-02-06 09:34:30] Config:write_info: ph stream ENABLED
[2026-02-06 09:34:30] Config:write_info: total number of enabled write streams =  4
[2026-02-06 09:34:30] Config:buffer_info: Raw data (int16_t) buffer size = 1024000 bytes = 512000 ADC values.
[2026-02-06 09:34:30] Config:buffer_info: Maximum 8198 byte packets per raw buffer = 117 packets = 959166 bytes.
[2026-02-06 09:34:30] Config:buffer_info: Maximum number of 1.675000 us (minimum) Mu2e events per raw buffer = 955 events.
[2026-02-06 09:34:30] Config:buffer_info: Zero suppressed (int16_t) data buffer size = 1024000 bytes = 512000 ADC values.
[2026-02-06 09:34:30] Config:buffer_info: Pulse height (double) data buffer size = 4096000 bytes = 512000 ADC values.
[2026-02-06 09:34:30] Config:buffer_info: ADC baseline (int16_t) data buffer size = 4096 bytes = 2048 ADC values = 6.826667 us .
[2026-02-06 09:34:30] Config:buffer_info: % extra of total allocated buffer size (metadata) = 5.000000 %.
[2026-02-06 09:34:30] Config:buffer_info: Queue capacity for each operation = 32 .
[2026-02-06 09:34:30] Config:buffer_info: Buffer pool for each operation = 32 .
[2026-02-06 09:34:30] Config:baseline_info: Number of histogram bins = 512.
[2026-02-06 09:34:30] Config:baseline_info: Histogram ADC range set between -2500 and 600.
[2026-02-06 09:34:30] Config:baseline_info: Histogram bin width =  6.054688 ADCs (inverse =  0.165161).
[2026-02-06 09:34:30] Config:baseline_info: Histogram window period =  1.400000 s ~ 884 * 1024.000000 kB raw data buffers.
[2026-02-06 09:34:30] Config:baseline_info: Baseline operations disabled in config. Forcing baseline calculation window delay to be OFF.
[2026-02-06 09:34:30] Config:baseline_info: Delay DAQ by 1 window period to calculate baseline = FALSE.
[2026-02-06 09:34:30] Config:baseline_info: Maximum EM iterations = 1000.
[2026-02-06 09:34:30] Config:baseline_info: EM Convergence tolerance = 0.000001.
[2026-02-06 09:34:30] Config:baseline_info: EM Minimum variance = 0.000001.
[2026-02-06 09:34:30] Config:baseline_info: Baseline value from previous run = -5.540000 ± 20.070000 ADCs.
[2026-02-06 09:34:30] Config:mwd_info: Baseline operations disabled in config. Forcing use of manual (user) baseline.
[2026-02-06 09:34:30] Config:mwd_info: Using manual (user) baseline value of 0.000000 ± 0.000000 ADCs for baseline subtraction and pulse height calculation.
[2026-02-06 09:34:30] Config:mwd_info HPGe decay time constant [tau] = 50.000000 us: 1 - tADC/tau = 0.999933.
[2026-02-06 09:34:30] Config:mwd_info M/L values = 512/256.
[2026-02-06 09:34:30] Config:mwd_info Initial minimum value for peak = 4000.000000.
[2026-02-06 09:34:30] Config:mwd_info Using fixed peak finding threshold cut = TRUE.
[2026-02-06 09:34:30] Config:mwd_info Fixed peak finding threshold cut value = -500.000000.
[2026-02-06 09:34:30] UDP class is ON.
[2026-02-06 09:34:30] UDP: Configuring UDP server for HPGe channel...
[2026-02-06 09:34:30] UDP: /proc/sys/net/core/rmem_max = 268435456 bytes.
[2026-02-06 09:34:30] UDP: /proc/sys/net/core/wmem_max = 268435456 bytes.
[2026-02-06 09:34:30] UDP: SO_RCVBUF set to: 536870912 (268435456) bytes [RMEM_MAX = 268435456 byes].
[2026-02-06 09:34:30] UDP: CREATED UDP SERVER. IP = 192.168.34.12, PORT = 51872, socket = 18, timeout = 10 s, 0 us.
[2026-02-06 09:34:30] - UDP::receive_data is ON.
[2026-02-06 09:34:30] CheckData class is ON.
[2026-02-06 09:34:30] - CheckData::check_packets is ON.
[2026-02-06 09:34:30] FormEvents class is ON.
[2026-02-06 09:34:30] - FormEvents::get_events is ON.
[2026-02-06 09:34:30] Baseline class is OFF.
[2026-02-06 09:34:30] ZeroSuppress class is ON.
[2026-02-06 09:34:30] - ZeroSuppress::find_peaks is ON.
[2026-02-06 09:34:30] - ZeroSuppress::suppress_data is ON.
[2026-02-06 09:34:30] MWD class is ON.
[2026-02-06 09:34:30] - MWD::subtract_baseline is ON.
[2026-02-06 09:34:30] - MWD::deconv is ON.
[2026-02-06 09:34:30] - MWD::diff is ON.
[2026-02-06 09:34:30] - MWD::averaging is ON.
[2026-02-06 09:34:30] - MWD::find_peaks is ON.
[2026-02-06 09:34:30] Prescale class is ON.
[2026-02-06 09:34:30] - Prescale::prescale_data is ON.
[2026-02-06 09:34:30] TemplateClass class is OFF.
[2026-02-06 09:34:30] WriteManager class is ON.
[2026-02-06 09:34:30] WriteManager: Initialized file_queue and retired_files for events ctx.
[2026-02-06 09:34:30] WriteManager: Launched file_manager_thread for events.
[2026-02-06 09:34:30] WriteManager: Initialized file_queue and retired_files for raw ctx.
[2026-02-06 09:34:30] WriteManager: Launched file_manager_thread for raw.
[2026-02-06 09:34:30] WriteManager: Initialized file_queue and retired_files for zs ctx.
[2026-02-06 09:34:30] WriteManager: Launched file_manager_thread for zs.
[2026-02-06 09:34:30] WriteManager: Initialized file_queue and retired_files for ph ctx.
[2026-02-06 09:34:30] WriteManager: Launched file_manager_thread for ph.
[2026-02-06 09:34:30] WriteManager: Launched loggerthread.
[2026-02-06 09:34:30] - WriteManager::write_events is ON.
[2026-02-06 09:34:30] - WriteManager::write_raw is ON.
[2026-02-06 09:34:30] - WriteManager::write_zs is ON.
[2026-02-06 09:34:30] - WriteManager::write_ph is ON.
[2026-02-06 09:34:30] DQM class is ON.
[2026-02-06 09:34:30] DQM: Allocating shm for 1000.000000 us / 300000 ADC values of raw data.
[2026-02-06 09:34:30] DQM: Allocating shm for 10.000000 us / 3000 ADC values of noise data.
[2026-02-06 09:34:30] Registered DQM shared memory block: /dqm_raw_data
[2026-02-06 09:34:30] Registered DQM shared memory block: /dqm_adc_baseline
[2026-02-06 09:34:30] Registered DQM shared memory block: /dqm_adc_physics
[2026-02-06 09:34:30] - DQM::update_dqm is ON.
[2026-02-06 09:34:30] TestFuncs class is OFF.
[2026-02-06 09:34:30] OperationManager initialised a total of 16 operations
[2026-02-06 09:35:32] BufferPool: Estimating total header creation size of 955 events per struct * 42 byte raw event headers = 40110.000000 bytes.
[2026-02-06 09:35:32] BufferPool: Estimating total struct size ~ 6497616.300000 bytes = 1024000 bytes (raw) + 1024000 bytes (zs) + 4096000 bytes (ph) + 4096 bytes (baseline) + 40110.000000 bytes (headers) + 5.000000 % (metadata).
[2026-02-06 09:35:32] BufferPool: Starting STM DAQ with 16 threads...
[2026-02-06 09:35:32] BufferPool: 16 queues (capacity = 32 * 6497616.300000 byte data structs).
[2026-02-06 09:35:32] BufferPool: Buffer pool of 16 * 32 = 512 data structs.
[2026-02-06 09:35:32] BufferPool: Intended total buffer memory = 3.326780 GB.
[2026-02-06 09:35:32] BufferPool: Available system memory = 27.041243 Gbytes.
[2026-02-06 09:36:24] ThreadManager: Creating UDP::receive_data thread with index 0...
[2026-02-06 09:36:24] ThreadManager: Creating CheckData::check_packets thread with index 1...
[2026-02-06 09:36:24] ThreadManager: Creating FormEvents::get_events thread with index 2...
[2026-02-06 09:36:24] ThreadManager: Creating ZeroSuppress::find_peaks thread with index 3...
[2026-02-06 09:36:24] ThreadManager: Creating ZeroSuppress::suppress_data thread with index 4...
[2026-02-06 09:36:24] ThreadManager: Creating MWD::subtract_baseline thread with index 5...
[2026-02-06 09:36:24] ThreadManager: Creating MWD::deconv thread with index 6...
[2026-02-06 09:36:24] ThreadManager: Creating MWD::diff thread with index 7...
[2026-02-06 09:36:24] ThreadManager: Creating MWD::averaging thread with index 8...
[2026-02-06 09:36:24] ThreadManager: Creating MWD::find_peaks thread with index 9...
[2026-02-06 09:36:24] ThreadManager: Creating Prescale::prescale_data thread with index 10...
[2026-02-06 09:36:24] ThreadManager: Creating WriteManager::write_events thread with index 11...
[2026-02-06 09:36:24] ThreadManager: Creating WriteManager::write_raw thread with index 12...
[2026-02-06 09:36:24] ThreadManager: Creating WriteManager::write_zs thread with index 13...
[2026-02-06 09:36:24] ThreadManager: Creating WriteManager::write_ph thread with index 14...
[2026-02-06 09:36:24] ThreadManager: Creating DQM::update_dqm thread with index 15...
[2026-02-06 09:36:24] UDP: Waiting for data from STM firmware...
[2026-02-06 09:36:57] UDP: Receiving data...
[2026-02-06 09:36:57] Operation speed (Gbit/s): UDP::receive_data=0.00 | CheckData::check_packets=66.71 | FormEvents::get_events=6.55 | ZeroSuppress::find_peaks=8.45 | ZeroSuppress::suppress_data=261.75 | MWD::subtract_baseline=3.12 | MWD::deconv=15.67 | MWD::diff=10.96 | MWD::averaging=6.93 | MWD::find_peaks=11.39 | Prescale::prescale_data=214.48 | WriteManager::write_events=9.01 | WriteManager::write_raw=12.93 | WriteManager::write_zs=6666.66 | WriteManager::write_ph=992.16
[2026-02-06 09:36:58] Operation speed (Gbit/s): UDP::receive_data=6.14 | CheckData::check_packets=192.13 | FormEvents::get_events=6.48 | ZeroSuppress::find_peaks=6.39 | ZeroSuppress::suppress_data=215.80 | MWD::subtract_baseline=2.85 | MWD::deconv=11.38 | MWD::diff=5.52 | MWD::averaging=6.20 | MWD::find_peaks=9.35 | Prescale::prescale_data=314.06 | WriteManager::write_events=32.77 | WriteManager::write_raw=12.07 | WriteManager::write_zs=20299.81 | WriteManager::write_ph=9301.00
[2026-02-06 09:36:59] Operation speed (Gbit/s): UDP::receive_data=7.18 | CheckData::check_packets=137.96 | FormEvents::get_events=23.28 | ZeroSuppress::find_peaks=7.05 | ZeroSuppress::suppress_data=219.68 | MWD::subtract_baseline=10.47 | MWD::deconv=8.82 | MWD::diff=4.35 | MWD::averaging=4.22 | MWD::find_peaks=8.35 | Prescale::prescale_data=321.76 | WriteManager::write_events=32.58 | WriteManager::write_raw=9.53 | WriteManager::write_zs=25923.41 | WriteManager::write_ph=9939.54
[2026-02-06 09:48:42] ThreadManager: UDP::receive_data processed 1.09 Gbytes (1140 buffers), average speed [Gbit/s] = 7.92 (operation) / 0.01 (worker thread).
[2026-02-06 09:48:42] CheckData: Null heartbeat detected in channel 0.
[2026-02-06 09:48:42] ThreadManager: CheckData::check_packets processed 1.09 Gbytes (1140 buffers), average speed [Gbit/s] = 152.75 (operation) / 0.01 (worker thread).
[2026-02-06 09:48:42] FormEvents::get_events: Null heartbeat detected after event 999999.
[2026-02-06 09:48:42] ThreadManager: FormEvents::get_events processed 1.09 Gbytes (1140 buffers), average speed [Gbit/s] = 13.51 (operation) / 0.01 (worker thread).
[2026-02-06 09:48:42] ThreadManager: ZeroSuppress::find_peaks processed 1.09 Gbytes (1140 buffers), average speed [Gbit/s] = 6.76 (operation) / 0.01 (worker thread).
[2026-02-06 09:48:42] ThreadManager: ZeroSuppress::suppress_data processed 1.09 Gbytes (1140 buffers), average speed [Gbit/s] = 230.03 (operation) / 0.01 (worker thread).
[2026-02-06 09:48:42] ThreadManager: MWD::subtract_baseline processed 1.09 Gbytes (1140 buffers), average speed [Gbit/s] = 6.30 (operation) / 0.01 (worker thread).
[2026-02-06 09:48:42] Signal listener shutting down.
[2026-02-06 09:48:42] ThreadManager: MWD::deconv processed 1.09 Gbytes (1140 buffers), average speed [Gbit/s] = 13.40 (operation) / 0.01 (worker thread).
[2026-02-06 09:48:42] ThreadManager: MWD::diff processed 1.09 Gbytes (1140 buffers), average speed [Gbit/s] = 5.42 (operation) / 0.01 (worker thread).
[2026-02-06 09:48:42] Operation speed (Gbit/s): UDP::receive_data=12.86 | CheckData::check_packets=238.72 | FormEvents::get_events=27.05 | ZeroSuppress::find_peaks=6.61 | ZeroSuppress::suppress_data=755.62 | MWD::subtract_baseline=11.46 | MWD::deconv=16.25 | MWD::diff=5.41 | MWD::averaging=6.18 | MWD::find_peaks=11.46 | Prescale::prescale_data=332.93 | WriteManager::write_events=24.82 | WriteManager::write_raw=15.63 | WriteManager::write_zs=32376.91 | WriteManager::write_ph=3552.47
[2026-02-06 09:48:42] ThreadManager: MWD::averaging processed 1.09 Gbytes (1140 buffers), average speed [Gbit/s] = 5.74 (operation) / 0.01 (worker thread).
[2026-02-06 09:48:42] ThreadManager: MWD::find_peaks processed 1.09 Gbytes (1140 buffers), average speed [Gbit/s] = 8.72 (operation) / 0.01 (worker thread).
[2026-02-06 09:48:42] ThreadManager: Prescale::prescale_data processed 1.09 Gbytes (1140 buffers), average speed [Gbit/s] = 309.49 (operation) / 0.01 (worker thread).
[2026-02-06 09:48:42] ThreadManager: WriteManager::write_events processed 1.09 Gbytes (1140 buffers), average speed [Gbit/s] = 30.57 (operation) / 0.01 (worker thread).
[2026-02-06 09:48:42] ThreadManager: WriteManager::write_raw processed 1.09 Gbytes (1140 buffers), average speed [Gbit/s] = 11.46 (operation) / 0.01 (worker thread).
[2026-02-06 09:48:42] ThreadManager: WriteManager::write_zs processed 1.09 Gbytes (1140 buffers), average speed [Gbit/s] = 25252.64 (operation) / 0.01 (worker thread).
[2026-02-06 09:48:42] ThreadManager: WriteManager::write_ph processed 1.09 Gbytes (1140 buffers), average speed [Gbit/s] = 7747.15 (operation) / 0.01 (worker thread).
[2026-02-06 09:48:42] ThreadManager: DQM::update_dqm processed 1.09 Gbytes (1140 buffers), average speed [Gbit/s] = 23491.87 (operation) / 0.01 (worker thread).
[2026-02-06 09:48:42] Final queue emptied.
[2026-02-06 09:48:42] WriteManager total events data written = 98.37 KB
[2026-02-06 09:48:42] WriteManager total raw data written = 525.94 KB
[2026-02-06 09:48:42] WriteManager total zs data written = 0.00 B
[2026-02-06 09:48:42] WriteManager total ph data written = 64.00 B
[2026-02-06 09:48:42] MWD: Found 7781 peaks.  Total pulse height data size = 0.000031 GB (15562 ADCs).
[2026-02-06 09:48:42] ZeroSuppress: Found 0 pulses.
[2026-02-06 09:48:42] ZeroSuppress: Total suppressed data size = 0.000000 GB (0 ADCs).
[2026-02-06 09:48:42] FormEvents formed 133334 UDP packets into 1000000 events containing 510000000 ADC values.
[2026-02-06 09:48:42] CheckData: Checked 133334 UDP packets and detected 0 dropped packets. And checked 1000000 EWTs and detected 0 lost EWTs.
[2026-02-06 09:48:42] UDP server received a total of 133334 packets.
[2026-02-06 09:48:42] Total UDP server dead time = 0.000000 seconds.
