[ STMLogger :: LogToFile ] Logging to file: /home/mu2estm/sweetmor/build_2025_09_08_06_42_44/spack_build/srcs/otsdaq-mu2e-stm/Mu2e-STMDAQ/log/stmdaq_2026-02-05_10-17-53.log
STM DAQ started: 2026-02-05_10-17-53
Loaded configuration file: /home/mu2estm/sweetmor/build_2025_09_08_06_42_44/spack_build/srcs/otsdaq-mu2e-stm/Mu2e-STMDAQ/config/stmdaq.xml
Logger initialised
[2026-02-05 10:17:54] Config:ch_info: Channel = 0 (HPGe)
[2026-02-05 10:17:54] Config:fw_info: ADC sampling frequency = 300.000000 MHz (3.333333 ns per ADC value).
[2026-02-05 10:17:54] Config:mu2e_info: Minimum Mu2e event period set to 1.675000 us = 503 ADC values = 1006 bytes.
[2026-02-05 10:17:54] Config:mu2e_info: Maximum Mu2e event period set to 100.100000 us = 30030 ADC values = 60060 bytes.
[2026-02-05 10:17:54] Config:mu2e_info: Mu2e on-spill event period set to 1.695000 us = 509 ADC values = 1018 bytes.
[2026-02-05 10:17:54] Config:mu2e_info: Mu2e off-spill event period set to 100.000000 us = 30000 ADC values = 60000 bytes.
[2026-02-05 10:17:54] Config:udp_info: UDP receive socket IP address: = 192.168.34.12,  port = 51872.
[2026-02-05 10:17:54] Config:udp_info: UDP send socket IP address: = 192.168.34.12,  port = 51872.
[2026-02-05 10:17:54] Config:udp_info: RECVMMSG timeout: = 10 s + 0 us.
[2026-02-05 10:17:54] Config:udp_info: Poll timeout: = 100 ms.
[2026-02-05 10:17:54] Signal handler initialised.
[2026-02-05 10:17:54] Config:zs_info: Storing 1.000000 us / 300 ADC values / 600 bytes before peak.
[2026-02-05 10:17:54] Config:zs_info: Storing 2.000000 us / 600 ADC values / 1200 bytes after peak.
[2026-02-05 10:17:54] Config:zs_info: Storing a total of 3.000000 us / 900 ADC values / 1800 bytes per peak.
[2026-02-05 10:17:54] Config:zs_info: Gradient threshold = -100.
[2026-02-05 10:17:54] Config:zs_info: Gradient window = 100 ADC values.
[2026-02-05 10:17:54] Config:zs_info: Gradient average number = 5 ADC values.
[2026-02-05 10:17:54] Config:zs_info: Maximum overflow data = before_peak + window + n_average = 405 ADC values.
[2026-02-05 10:17:54] Config:prescale_info: Raw on-spill prescale =  7. Storing 3 consecutive events. Effective prescale =  21.
[2026-02-05 10:17:54] Config:prescale_info: Raw off-spill prescale =  97. Storing 1 consecutive events. Effective prescale =  97.
[2026-02-05 10:17:54] Config:prescale_info: ZS on-spill prescale =  3. Storing 2 consecutive events. Effective prescale =  6.
[2026-02-05 10:17:54] Config:prescale_info: ZS off-spill prescale =  3. Storing 1 consecutive events. Effective prescale =  3.
[2026-02-05 10:17:54] Config:write_info: Output_dir = /scratch/mu2e/mu2estm_stm_readout_spack_build/OutputData/stmdaq
[2026-02-05 10:17:54] Config:write_info:  Filename prefix = mu2estm
[2026-02-05 10:17:54] Config:write_info: Maximum file size set to  2.000000 GB.
[2026-02-05 10:17:54] Config:write_info: Set file buffer depth to 3 files.
[2026-02-05 10:17:54] Config:write_info: Set log interval = 5 s.
[2026-02-05 10:17:54] Config:write_info: events stream ENABLED
[2026-02-05 10:17:54] Config:write_info: raw stream ENABLED
[2026-02-05 10:17:54] Config:write_info: zs stream ENABLED
[2026-02-05 10:17:54] Config:write_info: ph stream ENABLED
[2026-02-05 10:17:54] Config:write_info: total number of enabled write streams =  4
[2026-02-05 10:17:54] Config:buffer_info: Raw data (int16_t) buffer size = 1024000 bytes = 512000 ADC values.
[2026-02-05 10:17:54] Config:buffer_info: Maximum 8198 byte packets per raw buffer = 117 packets = 959166 bytes.
[2026-02-05 10:17:54] Config:buffer_info: Maximum number of 1.675000 us (minimum) Mu2e events per raw buffer = 955 events.
[2026-02-05 10:17:54] Config:buffer_info: Zero suppressed (int16_t) data buffer size = 1024000 bytes = 512000 ADC values.
[2026-02-05 10:17:54] Config:buffer_info: Pulse height (double) data buffer size = 4096000 bytes = 512000 ADC values.
[2026-02-05 10:17:54] Config:buffer_info: ADC baseline (int16_t) data buffer size = 4096 bytes = 2048 ADC values = 6.826667 us .
[2026-02-05 10:17:54] Config:buffer_info: % extra of total allocated buffer size (metadata) = 5.000000 %.
[2026-02-05 10:17:54] Config:buffer_info: Queue capacity for each operation = 32 .
[2026-02-05 10:17:54] Config:buffer_info: Buffer pool for each operation = 32 .
[2026-02-05 10:17:54] Config:baseline_info: Number of histogram bins = 512.
[2026-02-05 10:17:54] Config:baseline_info: Histogram ADC range set between -2500 and 600.
[2026-02-05 10:17:54] Config:baseline_info: Histogram bin width =  6.054688 ADCs (inverse =  0.165161).
[2026-02-05 10:17:54] Config:baseline_info: Histogram window period =  1.400000 s ~ 884 * 1024.000000 kB raw data buffers.
[2026-02-05 10:17:54] Config:baseline_info: Baseline operations disabled in config. Forcing baseline calculation window delay to be OFF.
[2026-02-05 10:17:54] Config:baseline_info: Delay DAQ by 1 window period to calculate baseline = FALSE.
[2026-02-05 10:17:54] Config:baseline_info: Maximum EM iterations = 1000.
[2026-02-05 10:17:54] Config:baseline_info: EM Convergence tolerance = 0.000001.
[2026-02-05 10:17:54] Config:baseline_info: EM Minimum variance = 0.000001.
[2026-02-05 10:17:54] Config:baseline_info: Baseline value from previous run = -5.540000 ± 20.070000 ADCs.
[2026-02-05 10:17:54] Config:mwd_info: Baseline operations disabled in config. Forcing use of manual (user) baseline.
[2026-02-05 10:17:54] Config:mwd_info: Using manual (user) baseline value of 0.000000 ± 0.000000 ADCs for baseline subtraction and pulse height calculation.
[2026-02-05 10:17:54] Config:mwd_info HPGe decay time constant [tau] = 50.000000 us: 1 - tADC/tau = 0.999933.
[2026-02-05 10:17:54] Config:mwd_info M/L values = 512/256.
[2026-02-05 10:17:54] Config:mwd_info Initial minimum value for peak = 4000.000000.
[2026-02-05 10:17:54] Config:mwd_info Using fixed peak finding threshold cut = TRUE.
[2026-02-05 10:17:54] Config:mwd_info Fixed peak finding threshold cut value = -500.000000.
[2026-02-05 10:17:54] UDP class is ON.
[2026-02-05 10:17:54] UDP: Configuring UDP server for HPGe channel...
[2026-02-05 10:17:54] UDP: /proc/sys/net/core/rmem_max = 268435456 bytes.
[2026-02-05 10:17:54] UDP: /proc/sys/net/core/wmem_max = 268435456 bytes.
[2026-02-05 10:17:54] UDP: SO_RCVBUF set to: 536870912 (268435456) bytes [RMEM_MAX = 268435456 byes].
[2026-02-05 10:17:54] UDP: CREATED UDP SERVER. IP = 192.168.34.12, PORT = 51872, socket = 17, timeout = 10 s, 0 us.
[2026-02-05 10:17:54] - UDP::receive_data is ON.
[2026-02-05 10:17:54] CheckData class is ON.
[2026-02-05 10:17:54] - CheckData::check_packets is ON.
[2026-02-05 10:17:54] FormEvents class is ON.
[2026-02-05 10:17:54] - FormEvents::get_events is ON.
[2026-02-05 10:17:54] Baseline class is OFF.
[2026-02-05 10:17:54] ZeroSuppress class is ON.
[2026-02-05 10:17:54] - ZeroSuppress::find_peaks is ON.
[2026-02-05 10:17:54] - ZeroSuppress::suppress_data is ON.
[2026-02-05 10:17:54] MWD class is ON.
[2026-02-05 10:17:54] - MWD::subtract_baseline is ON.
[2026-02-05 10:17:54] - MWD::deconv is ON.
[2026-02-05 10:17:54] - MWD::diff is ON.
[2026-02-05 10:17:54] - MWD::averaging is ON.
[2026-02-05 10:17:54] - MWD::find_peaks is ON.
[2026-02-05 10:17:54] Prescale class is ON.
[2026-02-05 10:17:54] - Prescale::prescale_data is ON.
[2026-02-05 10:17:54] TemplateClass class is OFF.
[2026-02-05 10:17:54] WriteManager class is ON.
[2026-02-05 10:17:54] WriteManager: Initialized file_queue and retired_files for events ctx.
[2026-02-05 10:17:54] WriteManager: Launched file_manager_thread for events.
[2026-02-05 10:17:54] WriteManager: Initialized file_queue and retired_files for raw ctx.
[2026-02-05 10:17:54] WriteManager: Launched file_manager_thread for raw.
[2026-02-05 10:17:54] WriteManager: Initialized file_queue and retired_files for zs ctx.
[2026-02-05 10:17:54] WriteManager: Launched file_manager_thread for zs.
[2026-02-05 10:17:54] WriteManager: Initialized file_queue and retired_files for ph ctx.
[2026-02-05 10:17:54] WriteManager: Launched file_manager_thread for ph.
[2026-02-05 10:17:54] WriteManager: Launched loggerthread.
[2026-02-05 10:17:54] - WriteManager::write_events is ON.
[2026-02-05 10:17:54] - WriteManager::write_raw is ON.
[2026-02-05 10:17:54] - WriteManager::write_zs is ON.
[2026-02-05 10:17:54] - WriteManager::write_ph is ON.
[2026-02-05 10:17:54] DQM class is ON.
[2026-02-05 10:17:54] DQM: Allocating shm for 1000.000000 us / 300000 ADC values of raw data.
[2026-02-05 10:17:54] DQM: Allocating shm for 10.000000 us / 3000 ADC values of noise data.
[2026-02-05 10:17:54] Registered DQM shared memory block: /dqm_raw_data
[2026-02-05 10:17:54] Registered DQM shared memory block: /dqm_adc_baseline
[2026-02-05 10:17:54] Registered DQM shared memory block: /dqm_adc_physics
[2026-02-05 10:17:54] - DQM::update_dqm is ON.
[2026-02-05 10:17:54] TestFuncs class is OFF.
[2026-02-05 10:17:54] OperationManager initialised a total of 16 operations
