[ STMLogger :: LogToFile ] Logging to file: /home/mu2estm/sweetmor/build_2025_09_08_06_42_44/spack_build/srcs/otsdaq-mu2e-stm/Mu2e-STMDAQ/log/stmdaq_2026-02-05_10-19-17.log
STM DAQ started: 2026-02-05_10-19-17
Loaded configuration file: /home/mu2estm/sweetmor/build_2025_09_08_06_42_44/spack_build/srcs/otsdaq-mu2e-stm/Mu2e-STMDAQ/config/stmdaq.xml
Logger initialised
[2026-02-05 10:19:17] Config:ch_info: Channel = 0 (HPGe)
[2026-02-05 10:19:17] Config:fw_info: ADC sampling frequency = 300.000000 MHz (3.333333 ns per ADC value).
[2026-02-05 10:19:17] Config:mu2e_info: Minimum Mu2e event period set to 1.675000 us = 503 ADC values = 1006 bytes.
[2026-02-05 10:19:17] Config:mu2e_info: Maximum Mu2e event period set to 100.100000 us = 30030 ADC values = 60060 bytes.
[2026-02-05 10:19:17] Config:mu2e_info: Mu2e on-spill event period set to 1.695000 us = 509 ADC values = 1018 bytes.
[2026-02-05 10:19:17] Config:mu2e_info: Mu2e off-spill event period set to 100.000000 us = 30000 ADC values = 60000 bytes.
[2026-02-05 10:19:17] Config:udp_info: UDP receive socket IP address: = 192.168.34.12,  port = 51872.
[2026-02-05 10:19:17] Config:udp_info: UDP send socket IP address: = 192.168.34.12,  port = 51872.
[2026-02-05 10:19:17] Config:udp_info: RECVMMSG timeout: = 10 s + 0 us.
[2026-02-05 10:19:17] Config:udp_info: Poll timeout: = 100 ms.
[2026-02-05 10:19:17] Config:zs_info: Storing 1.000000 us / 300 ADC values / 600 bytes before peak.
[2026-02-05 10:19:17] Config:zs_info: Storing 2.000000 us / 600 ADC values / 1200 bytes after peak.
[2026-02-05 10:19:17] Config:zs_info: Storing a total of 3.000000 us / 900 ADC values / 1800 bytes per peak.
[2026-02-05 10:19:17] Config:zs_info: Gradient threshold = -100.
[2026-02-05 10:19:17] Config:zs_info: Gradient window = 100 ADC values.
[2026-02-05 10:19:17] Config:zs_info: Gradient average number = 5 ADC values.
[2026-02-05 10:19:17] Config:zs_info: Maximum overflow data = before_peak + window + n_average = 405 ADC values.
[2026-02-05 10:19:17] Config:prescale_info: Raw on-spill prescale =  7. Storing 3 consecutive events. Effective prescale =  21.
[2026-02-05 10:19:17] Config:prescale_info: Raw off-spill prescale =  97. Storing 1 consecutive events. Effective prescale =  97.
[2026-02-05 10:19:17] Config:prescale_info: ZS on-spill prescale =  3. Storing 2 consecutive events. Effective prescale =  6.
[2026-02-05 10:19:17] Config:prescale_info: ZS off-spill prescale =  3. Storing 1 consecutive events. Effective prescale =  3.
[2026-02-05 10:19:17] Config:write_info: Output_dir = /scratch/mu2e/mu2estm_stm_readout_spack_build/OutputData/stmdaq
[2026-02-05 10:19:17] Config:write_info:  Filename prefix = mu2estm
[2026-02-05 10:19:17] Config:write_info: Maximum file size set to  2.000000 GB.
[2026-02-05 10:19:17] Config:write_info: Set file buffer depth to 3 files.
[2026-02-05 10:19:17] Config:write_info: Set log interval = 5 s.
[2026-02-05 10:19:17] Config:write_info: events stream ENABLED
[2026-02-05 10:19:17] Config:write_info: raw stream ENABLED
[2026-02-05 10:19:17] Config:write_info: zs stream ENABLED
[2026-02-05 10:19:17] Config:write_info: ph stream ENABLED
[2026-02-05 10:19:17] Config:write_info: total number of enabled write streams =  4
[2026-02-05 10:19:17] Config:buffer_info: Raw data (int16_t) buffer size = 1024000 bytes = 512000 ADC values.
[2026-02-05 10:19:17] Config:buffer_info: Maximum 8198 byte packets per raw buffer = 117 packets = 959166 bytes.
[2026-02-05 10:19:17] Config:buffer_info: Maximum number of 1.675000 us (minimum) Mu2e events per raw buffer = 955 events.
[2026-02-05 10:19:17] Config:buffer_info: Zero suppressed (int16_t) data buffer size = 1024000 bytes = 512000 ADC values.
[2026-02-05 10:19:17] Config:buffer_info: Pulse height (double) data buffer size = 4096000 bytes = 512000 ADC values.
[2026-02-05 10:19:17] Config:buffer_info: ADC baseline (int16_t) data buffer size = 4096 bytes = 2048 ADC values = 6.826667 us .
[2026-02-05 10:19:17] Config:buffer_info: % extra of total allocated buffer size (metadata) = 5.000000 %.
[2026-02-05 10:19:17] Config:buffer_info: Queue capacity for each operation = 32 .
[2026-02-05 10:19:17] Config:buffer_info: Buffer pool for each operation = 32 .
[2026-02-05 10:19:17] Config:baseline_info: Number of histogram bins = 512.
[2026-02-05 10:19:17] Config:baseline_info: Histogram ADC range set between -2500 and 600.
[2026-02-05 10:19:17] Config:baseline_info: Histogram bin width =  6.054688 ADCs (inverse =  0.165161).
[2026-02-05 10:19:17] Config:baseline_info: Histogram window period =  1.400000 s ~ 884 * 1024.000000 kB raw data buffers.
[2026-02-05 10:19:17] Config:baseline_info: Baseline operations disabled in config. Forcing baseline calculation window delay to be OFF.
[2026-02-05 10:19:17] Config:baseline_info: Delay DAQ by 1 window period to calculate baseline = FALSE.
[2026-02-05 10:19:17] Config:baseline_info: Maximum EM iterations = 1000.
[2026-02-05 10:19:17] Config:baseline_info: EM Convergence tolerance = 0.000001.
[2026-02-05 10:19:17] Config:baseline_info: EM Minimum variance = 0.000001.
[2026-02-05 10:19:17] Config:baseline_info: Baseline value from previous run = -5.540000 ± 20.070000 ADCs.
[2026-02-05 10:19:17] Config:mwd_info: Baseline operations disabled in config. Forcing use of manual (user) baseline.
[2026-02-05 10:19:17] Config:mwd_info: Using manual (user) baseline value of 0.000000 ± 0.000000 ADCs for baseline subtraction and pulse height calculation.
[2026-02-05 10:19:17] Config:mwd_info HPGe decay time constant [tau] = 50.000000 us: 1 - tADC/tau = 0.999933.
[2026-02-05 10:19:17] Config:mwd_info M/L values = 512/256.
[2026-02-05 10:19:17] Config:mwd_info Initial minimum value for peak = 4000.000000.
[2026-02-05 10:19:17] Config:mwd_info Using fixed peak finding threshold cut = TRUE.
[2026-02-05 10:19:17] Config:mwd_info Fixed peak finding threshold cut value = -500.000000.
[2026-02-05 10:19:17] UDP class is ON.
[2026-02-05 10:19:17] UDP: Configuring UDP server for HPGe channel...
[2026-02-05 10:19:17] UDP: /proc/sys/net/core/rmem_max = 268435456 bytes.
[2026-02-05 10:19:17] UDP: /proc/sys/net/core/wmem_max = 268435456 bytes.
[2026-02-05 10:19:17] UDP: SO_RCVBUF set to: 536870912 (268435456) bytes [RMEM_MAX = 268435456 byes].
[2026-02-05 10:19:17] UDP: CREATED UDP SERVER. IP = 192.168.34.12, PORT = 51872, socket = 18, timeout = 10 s, 0 us.
[2026-02-05 10:19:17] - UDP::receive_data is ON.
[2026-02-05 10:19:17] CheckData class is ON.
[2026-02-05 10:19:17] - CheckData::check_packets is ON.
[2026-02-05 10:19:17] FormEvents class is ON.
[2026-02-05 10:19:17] - FormEvents::get_events is ON.
[2026-02-05 10:19:17] Baseline class is OFF.
[2026-02-05 10:19:17] ZeroSuppress class is ON.
[2026-02-05 10:19:17] - ZeroSuppress::find_peaks is ON.
[2026-02-05 10:19:17] - ZeroSuppress::suppress_data is ON.
[2026-02-05 10:19:17] MWD class is ON.
[2026-02-05 10:19:17] - MWD::subtract_baseline is ON.
[2026-02-05 10:19:17] - MWD::deconv is ON.
[2026-02-05 10:19:17] - MWD::diff is ON.
[2026-02-05 10:19:17] - MWD::averaging is ON.
[2026-02-05 10:19:17] - MWD::find_peaks is ON.
[2026-02-05 10:19:17] Prescale class is ON.
[2026-02-05 10:19:17] - Prescale::prescale_data is ON.
[2026-02-05 10:19:17] TemplateClass class is OFF.
[2026-02-05 10:19:17] WriteManager class is ON.
[2026-02-05 10:19:17] Signal handler initialised.
[2026-02-05 10:19:17] WriteManager: Initialized file_queue and retired_files for events ctx.
[2026-02-05 10:19:17] WriteManager: Launched file_manager_thread for events.
[2026-02-05 10:19:17] WriteManager: Initialized file_queue and retired_files for raw ctx.
[2026-02-05 10:19:17] WriteManager: Launched file_manager_thread for raw.
[2026-02-05 10:19:17] WriteManager: Initialized file_queue and retired_files for zs ctx.
[2026-02-05 10:19:17] WriteManager: Launched file_manager_thread for zs.
[2026-02-05 10:19:17] WriteManager: Initialized file_queue and retired_files for ph ctx.
[2026-02-05 10:19:17] WriteManager: Launched file_manager_thread for ph.
[2026-02-05 10:19:17] WriteManager: Launched loggerthread.
[2026-02-05 10:19:17] - WriteManager::write_events is ON.
[2026-02-05 10:19:17] - WriteManager::write_raw is ON.
[2026-02-05 10:19:17] - WriteManager::write_zs is ON.
[2026-02-05 10:19:17] - WriteManager::write_ph is ON.
[2026-02-05 10:19:17] DQM class is ON.
[2026-02-05 10:19:17] DQM: Allocating shm for 1000.000000 us / 300000 ADC values of raw data.
[2026-02-05 10:19:17] DQM: Allocating shm for 10.000000 us / 3000 ADC values of noise data.
[2026-02-05 10:19:17] Registered DQM shared memory block: /dqm_raw_data
[2026-02-05 10:19:17] Registered DQM shared memory block: /dqm_adc_baseline
[2026-02-05 10:19:17] Registered DQM shared memory block: /dqm_adc_physics
[2026-02-05 10:19:17] - DQM::update_dqm is ON.
[2026-02-05 10:19:17] TestFuncs class is OFF.
[2026-02-05 10:19:17] OperationManager initialised a total of 16 operations
[2026-02-05 10:20:14] BufferPool: Estimating total header creation size of 955 events per struct * 42 byte raw event headers = 40110.000000 bytes.
[2026-02-05 10:20:14] BufferPool: Estimating total struct size ~ 6497616.300000 bytes = 1024000 bytes (raw) + 1024000 bytes (zs) + 4096000 bytes (ph) + 4096 bytes (baseline) + 40110.000000 bytes (headers) + 5.000000 % (metadata).
[2026-02-05 10:20:14] BufferPool: Starting STM DAQ with 16 threads...
[2026-02-05 10:20:14] BufferPool: 16 queues (capacity = 32 * 6497616.300000 byte data structs).
[2026-02-05 10:20:14] BufferPool: Buffer pool of 16 * 32 = 512 data structs.
[2026-02-05 10:20:14] BufferPool: Intended total buffer memory = 3.326780 GB.
[2026-02-05 10:20:14] BufferPool: Available system memory = 27.201802 Gbytes.
[2026-02-05 10:21:15] ThreadManager: Creating UDP::receive_data thread with index 0...
[2026-02-05 10:21:15] ThreadManager: Creating CheckData::check_packets thread with index 1...
[2026-02-05 10:21:15] ThreadManager: Creating FormEvents::get_events thread with index 2...
[2026-02-05 10:21:15] ThreadManager: Creating ZeroSuppress::find_peaks thread with index 3...
[2026-02-05 10:21:15] ThreadManager: Creating ZeroSuppress::suppress_data thread with index 4...
[2026-02-05 10:21:15] ThreadManager: Creating MWD::subtract_baseline thread with index 5...
[2026-02-05 10:21:15] ThreadManager: Creating MWD::deconv thread with index 6...
[2026-02-05 10:21:15] ThreadManager: Creating MWD::diff thread with index 7...
[2026-02-05 10:21:15] ThreadManager: Creating MWD::averaging thread with index 8...
[2026-02-05 10:21:15] ThreadManager: Creating MWD::find_peaks thread with index 9...
[2026-02-05 10:21:15] ThreadManager: Creating Prescale::prescale_data thread with index 10...
[2026-02-05 10:21:15] ThreadManager: Creating WriteManager::write_events thread with index 11...
[2026-02-05 10:21:15] ThreadManager: Creating WriteManager::write_raw thread with index 12...
[2026-02-05 10:21:15] ThreadManager: Creating WriteManager::write_zs thread with index 13...
[2026-02-05 10:21:15] ThreadManager: Creating WriteManager::write_ph thread with index 14...
[2026-02-05 10:21:15] ThreadManager: Creating DQM::update_dqm thread with index 15...
[2026-02-05 10:21:15] UDP: Waiting for data from STM firmware...
[2026-02-05 10:33:30] Signal listener shutting down.
[2026-02-05 10:33:30] ThreadManager: UDP::receive_data processed 0.00 Gbytes (0 buffers), average speed [Gbit/s] = 0.00 (operation) / 0.00 (worker thread).
[2026-02-05 10:33:30] ThreadManager: CheckData::check_packets processed 0.00 Gbytes (0 buffers), average speed [Gbit/s] = -nan (operation) / 0.00 (worker thread).
[2026-02-05 10:33:30] ThreadManager: FormEvents::get_events processed 0.00 Gbytes (0 buffers), average speed [Gbit/s] = -nan (operation) / 0.00 (worker thread).
[2026-02-05 10:33:30] ThreadManager: ZeroSuppress::find_peaks processed 0.00 Gbytes (0 buffers), average speed [Gbit/s] = -nan (operation) / 0.00 (worker thread).
[2026-02-05 10:33:30] ThreadManager: ZeroSuppress::suppress_data processed 0.00 Gbytes (0 buffers), average speed [Gbit/s] = -nan (operation) / 0.00 (worker thread).
[2026-02-05 10:33:30] ThreadManager: MWD::subtract_baseline processed 0.00 Gbytes (0 buffers), average speed [Gbit/s] = -nan (operation) / 0.00 (worker thread).
[2026-02-05 10:33:30] ThreadManager: MWD::deconv processed 0.00 Gbytes (0 buffers), average speed [Gbit/s] = -nan (operation) / 0.00 (worker thread).
[2026-02-05 10:33:30] ThreadManager: MWD::diff processed 0.00 Gbytes (0 buffers), average speed [Gbit/s] = -nan (operation) / 0.00 (worker thread).
[2026-02-05 10:33:30] ThreadManager: MWD::averaging processed 0.00 Gbytes (0 buffers), average speed [Gbit/s] = -nan (operation) / 0.00 (worker thread).
[2026-02-05 10:33:30] ThreadManager: MWD::find_peaks processed 0.00 Gbytes (0 buffers), average speed [Gbit/s] = -nan (operation) / 0.00 (worker thread).
[2026-02-05 10:33:30] ThreadManager: Prescale::prescale_data processed 0.00 Gbytes (0 buffers), average speed [Gbit/s] = -nan (operation) / 0.00 (worker thread).
[2026-02-05 10:33:30] ThreadManager: WriteManager::write_events processed 0.00 Gbytes (0 buffers), average speed [Gbit/s] = -nan (operation) / 0.00 (worker thread).
[2026-02-05 10:33:30] ThreadManager: WriteManager::write_raw processed 0.00 Gbytes (0 buffers), average speed [Gbit/s] = -nan (operation) / 0.00 (worker thread).
[2026-02-05 10:33:30] ThreadManager: WriteManager::write_zs processed 0.00 Gbytes (0 buffers), average speed [Gbit/s] = -nan (operation) / 0.00 (worker thread).
[2026-02-05 10:33:30] ThreadManager: WriteManager::write_ph processed 0.00 Gbytes (0 buffers), average speed [Gbit/s] = -nan (operation) / 0.00 (worker thread).
[2026-02-05 10:33:30] ThreadManager: DQM::update_dqm processed 0.00 Gbytes (0 buffers), average speed [Gbit/s] = -nan (operation) / 0.00 (worker thread).
[2026-02-05 10:33:30] Final queue emptied.
[2026-02-05 10:33:30] WriteManager total events data written = 0.00 B
[2026-02-05 10:33:30] WriteManager total raw data written = 0.00 B
[2026-02-05 10:33:30] WriteManager total zs data written = 0.00 B
[2026-02-05 10:33:30] WriteManager total ph data written = 0.00 B
[2026-02-05 10:33:30] MWD: Found 0 peaks.  Total pulse height data size = 0.000000 GB (0 ADCs).
[2026-02-05 10:33:30] ZeroSuppress: Found 0 pulses.
[2026-02-05 10:33:30] ZeroSuppress: Total suppressed data size = 0.000000 GB (0 ADCs).
[2026-02-05 10:33:30] FormEvents formed 0 UDP packets into 0 events containing 0 ADC values.
[2026-02-05 10:33:30] CheckData: Checked 0 UDP packets and detected 0 dropped packets. And checked 0 EWTs and detected 0 lost EWTs.
[2026-02-05 10:33:30] UDP server received a total of 0 packets.
[2026-02-05 10:33:30] Total UDP server dead time = 0.000000 seconds.
